db_0072_5da6df8b.pbm r
db_0046_5da6df8e.pbm F
db_0072_5da6df8f.pbm r
db_00df_5da6df90.pbm 00df
db_0073_5da6df92.pbm s
db_0072_5da6df95.pbm r
db_0029_5da6df97.pbm 0029
db_005a_5da6df98.pbm Z
db_00fc_5da6df9a.pbm 00fc
db_005b_5da6df9e.pbm 005b
db_0045_5da6dfa0.pbm E
db_005d_5da6dfa3.pbm 005d
db_0045_5da6dfa4.pbm E
db_0046_5da6dfa6.pbm F
db_006c_5da6dfa8.pbm l
db_00fc_5da6dfa9.pbm 00fc
db_0045_5da6dfab.pbm E
db_004d_5da6dfad.pbm "ME"
db_004b_5da6dfaf.pbm "KU"
db_004b_5da6dfb1.pbm "KW"
db_0052_5da6dfb4.pbm "RM"
db_006c_5da6dfde.pbm l
db_003a_5da6dfe0.pbm 003a
db_0030_5da6dfe3.pbm 0
db_002e_5da6dfe7.pbm 002e
db_0030_5da6dfea.pbm 0
db_002e_5da6dfeb.pbm 002e
db_0030_5da6dfed.pbm 0
db_003a_5da6dff3.pbm 003a
db_002e_5da6dff6.pbm 002e
db_0055_5da6dff8.pbm U
db_0053_5da6dffa.pbm S
db_0075_5da6dffc.pbm u
db_0075_5da6dfff.pbm u
db_0067_5da6e001.pbm g
db_0031_5da6e004.pbm 1
db_0055_5da6e006.pbm U
db_00d6_5da6e009.pbm 00d6
db_0044_5da6e01b.pbm D
db_0067_5da6e01c.pbm g
db_004e_5da6e01e.pbm N
db_005a_5da6e024.pbm Z
db_004f_5da6e027.pbm O
db_004f_5da6e029.pbm O
db_0045_5da6e02b.pbm E
db_0044_5da6e02d.pbm D
db_0046_5da6e0a6.pbm F
db_0041_5da6e0a8.pbm "Ab"
db_0038_5da6e0ab.pbm 8
db_0038_5da6e0ae.pbm 8
db_006d_5da6e0b0.pbm "mm"
db_0030_5da6e0b2.pbm 0
db_0038_5da6e0b3.pbm 8
db_0030_5da6e0b7.pbm 0
db_0045_5da6e0b9.pbm E
db_0030_5da6e0bb.pbm 0
db_0041_5da6e0be.pbm A
db_004d_5da6e0bf.pbm M
db_0079_5da6e0c3.pbm "yp"
db_003a_5da6e0c8.pbm 003a
db_004e_5da6e0cb.pbm N
db_006d_5da6e0cc.pbm "mm"
db_0053_5da6e0cf.pbm S
db_0054_5da6e0d1.pbm T
db_004f_5da6e0d4.pbm O
db_00df_5da6e0d6.pbm 00df
db_004e_5da6e0d7.pbm N
db_0041_5da6e0da.pbm "Ab"
db_0053_5da6e0db.pbm S
db_0035_5da6e0dd.pbm 5
db_0055_5da6e0df.pbm U
db_0023_5da6e0e2.pbm 0023
db_0023_5da6e0e3.pbm 0023
db_002c_5da6e0e8.pbm 002c
db_0029_5da6e0ea.pbm 0029
db_0067_5da6e0ec.pbm g
db_0028_5da6e0ee.pbm 0028
db_002c_5da6e0f1.pbm 002c
db_0029_5da6e0f2.pbm 0029
db_002c_5da6e0f4.pbm 002c
db_0029_5da6e0f6.pbm 0029
db_0038_5da6e0f7.pbm 8
db_005d_5da6e0fa.pbm 005d
db_002c_5da6e0fc.pbm 002c
db_00df_5da6e154.pbm 00df
db_00d6_5da6e192.pbm 00d6
db_0039_5da6e1de.pbm 9
db_0039_5da6e1e0.pbm 9
db_0039_5da6e1e3.pbm 9
db_0067_5da6e1e7.pbm g
db_0023_5da6e1e8.pbm 0023
db_0054_5da6e1ea.pbm T
db_00d6_5da6e1ed.pbm 00d6
db_0041_5da6e22e.pbm A
db_004e_5da6e234.pbm "NN"
db_0055_5da6e236.pbm U
db_0029_5da6e238.pbm 0029
db_0052_5da6e23f.pbm "RA"
db_0056_5da6e242.pbm V
db_0052_5da6e247.pbm "RE"
db_006d_5da6e270.pbm "mm"
db_004f_5da6e289.pbm O
